<?xml version="1.0" encoding="UTF-8"?>
<!-- Generated by org.testng.reporters.JUnitReportReporter -->
<testsuite skipped="0" hostname="Razik" name="com.mani.qa.DemoBlazeSignUPValidations" tests="1" failures="0" timestamp="2021-11-16T22:23:19 IST" time="25.945" errors="0">
  <testcase name="validatePurchaseTest" time="25.945" classname="com.mani.qa.DemoBlazeSignUPValidations"/>
  <system-out/>
</testsuite> <!-- com.mani.qa.DemoBlazeSignUPValidations -->
