<?xml version="1.0" encoding="UTF-8"?>
<!-- Generated by org.testng.reporters.JUnitReportReporter -->
<testsuite skipped="0" hostname="Razik" name="com.testNG.TesttestNG" tests="1" failures="0" timestamp="2021-10-02T19:49:37 IST" time="0.018" errors="0">
  <testcase name="run" time="0.018" classname="com.testNG.TesttestNG"/>
  <system-out/>
</testsuite> <!-- com.testNG.TesttestNG -->
