<?xml version="1.0" encoding="UTF-8"?>
<!-- Generated by org.testng.reporters.JUnitReportReporter -->
<testsuite skipped="0" hostname="Razik" name="com.selenium.VerifyBrokenLinks" tests="1" failures="0" timestamp="2021-10-30T17:50:24 IST" time="32.186" errors="0">
  <testcase name="verifyLinks" time="32.186" classname="com.selenium.VerifyBrokenLinks"/>
  <system-out/>
</testsuite> <!-- com.selenium.VerifyBrokenLinks -->
