<?xml version="1.0" encoding="UTF-8"?>
<!-- Generated by org.testng.reporters.JUnitReportReporter -->
<testsuite skipped="0" hostname="Razik" name="com.testNG.ParameterTest" tests="1" failures="0" timestamp="2021-09-26T12:46:10 IST" time="7.901" errors="0">
  <testcase name="crmLoginTest" time="7.901" classname="com.testNG.ParameterTest"/>
  <system-out/>
</testsuite> <!-- com.testNG.ParameterTest -->
